<?xml version="1.0" encoding="UTF-8"?>
<!-- Generated by org.testng.reporters.JUnitXMLReporter -->
<testsuite hostname="Evans-Air" ignored="0" tests="2" failures="2" timestamp="17 Apr 2020 12:33:31 GMT" time="21.507" errors="0">
  <testcase name="testTitle" time="0.024" classname="TestingAmazonTitle">
    <failure type="java.lang.AssertionError" message="The following asserts failed:
	Title did not match. So you need to double check expected [Facebook - Log In or Sign Up] but found [Facebook.com: Online Shopping for Electronics, Apparel, Computers, Books, DVDs &amp;amp; more]">
      <![CDATA[java.lang.AssertionError: The following asserts failed:
Title did not match. So you need to double check expected [Facebook - Log In or Sign Up] but found [Facebook.com: Online Shopping for Electronics, Apparel, Computers, Books, DVDs & more]
at TestingAmazonTitle.testTitle(TestingAmazonTitle.java:23)
... Removed 36 stack frames]]>
    </failure>
  </testcase> <!-- testTitle -->
  <testcase name="testTypingOnSearchBox" time="10.073" classname="TestingAmazonSearch">
    <failure type="org.openqa.selenium.NoSuchElementException" message="no such element: Unable to locate element: {&amp;quot;method&amp;quot;:&amp;quot;css selector&amp;quot;,&amp;quot;selector&amp;quot;:&amp;quot;#twotabsearchtextbox&amp;quot;}
  (Session info: chrome=81.0.4044.113)
For documentation on this error, please visit: https://www.seleniumhq.org/exceptions/no_such_element.html
Build info: version: &amp;apos;3.141.59&amp;apos;, revision: &amp;apos;e82be7d358&amp;apos;, time: &amp;apos;2018-11-14T08:17:03&amp;apos;
System info: host: &amp;apos;Evans-Air&amp;apos;, ip: &amp;apos;2604:2000:1240:12a4:0:0:0:1000%en0&amp;apos;, os.name: &amp;apos;Mac OS X&amp;apos;, os.arch: &amp;apos;x86_64&amp;apos;, os.version: &amp;apos;10.13.6&amp;apos;, java.version: &amp;apos;1.8.0_241&amp;apos;
Driver info: org.openqa.selenium.chrome.ChromeDriver
Capabilities {acceptInsecureCerts: false, browserName: chrome, browserVersion: 81.0.4044.113, chrome: {chromedriverVersion: 80.0.3987.106 (f68069574609..., userDataDir: /var/folders/wp/3chtlk1d3vn...}, goog:chromeOptions: {debuggerAddress: localhost:53277}, javascriptEnabled: true, networkConnectionEnabled: false, pageLoadStrategy: normal, platform: MAC, platformName: MAC, proxy: Proxy(), setWindowRect: true, strictFileInteractability: false, timeouts: {implicit: 0, pageLoad: 300000, script: 30000}, unhandledPromptBehavior: dismiss and notify}
Session ID: 6ad762bca648e1956ff92977fc6d0596
*** Element info: {Using=css selector, value=#twotabsearchtextbox}">
      <![CDATA[org.openqa.selenium.NoSuchElementException: no such element: Unable to locate element: {"method":"css selector","selector":"#twotabsearchtextbox"}
  (Session info: chrome=81.0.4044.113)
For documentation on this error, please visit: https://www.seleniumhq.org/exceptions/no_such_element.html
Build info: version: '3.141.59', revision: 'e82be7d358', time: '2018-11-14T08:17:03'
System info: host: 'Evans-Air', ip: '2604:2000:1240:12a4:0:0:0:1000%en0', os.name: 'Mac OS X', os.arch: 'x86_64', os.version: '10.13.6', java.version: '1.8.0_241'
Driver info: org.openqa.selenium.chrome.ChromeDriver
Capabilities {acceptInsecureCerts: false, browserName: chrome, browserVersion: 81.0.4044.113, chrome: {chromedriverVersion: 80.0.3987.106 (f68069574609..., userDataDir: /var/folders/wp/3chtlk1d3vn...}, goog:chromeOptions: {debuggerAddress: localhost:53277}, javascriptEnabled: true, networkConnectionEnabled: false, pageLoadStrategy: normal, platform: MAC, platformName: MAC, proxy: Proxy(), setWindowRect: true, strictFileInteractability: false, timeouts: {implicit: 0, pageLoad: 300000, script: 30000}, unhandledPromptBehavior: dismiss and notify}
Session ID: 6ad762bca648e1956ff92977fc6d0596
*** Element info: {Using=css selector, value=#twotabsearchtextbox}
at org.openqa.selenium.remote.http.W3CHttpResponseCodec.createException(W3CHttpResponseCodec.java:187)
at org.openqa.selenium.remote.http.W3CHttpResponseCodec.decode(W3CHttpResponseCodec.java:122)
at org.openqa.selenium.remote.http.W3CHttpResponseCodec.decode(W3CHttpResponseCodec.java:49)
at org.openqa.selenium.remote.HttpCommandExecutor.execute(HttpCommandExecutor.java:158)
at org.openqa.selenium.remote.service.DriverCommandExecutor.execute(DriverCommandExecutor.java:83)
at org.openqa.selenium.remote.RemoteWebDriver.execute(RemoteWebDriver.java:552)
at org.openqa.selenium.remote.RemoteWebDriver.findElement(RemoteWebDriver.java:323)
at org.openqa.selenium.remote.RemoteWebDriver.findElementByCssSelector(RemoteWebDriver.java:420)
at org.openqa.selenium.By$ByCssSelector.findElement(By.java:431)
at org.openqa.selenium.remote.RemoteWebDriver.findElement(RemoteWebDriver.java:315)
at TestingAmazonSearch.testTypingOnSearchBox(TestingAmazonSearch.java:19)
... Removed 39 stack frames]]>
    </failure>
  </testcase> <!-- testTypingOnSearchBox -->
</testsuite>
